[debug] [2023-04-04T07:29:00.003Z] ----------------------------------------------------------------------
[debug] [2023-04-04T07:29:02.295Z] Command:       C:\Program Files\nodejs\node.exe C:\Users\EBY WONDER\AppData\Roaming\npm\node_modules\firebase-tools\lib\bin\firebase.js init hosting
[debug] [2023-04-04T07:29:02.297Z] CLI Version:   11.25.2
[debug] [2023-04-04T07:29:02.298Z] Platform:      win32
[debug] [2023-04-04T07:29:02.298Z] Node Version:  v19.7.0
[debug] [2023-04-04T07:29:02.299Z] Time:          Tue Apr 04 2023 08:29:02 GMT+0100 (West Africa Standard Time)
[debug] [2023-04-04T07:29:02.300Z] ----------------------------------------------------------------------
[debug] 
[debug] [2023-04-04T07:29:03.568Z] > command requires scopes: ["email","openid","https://www.googleapis.com/auth/cloudplatformprojects.readonly","https://www.googleapis.com/auth/firebase","https://www.googleapis.com/auth/cloud-platform"]
[debug] [2023-04-04T07:29:03.570Z] > authorizing via signed-in user (arinzec2000@gmail.com)
[info] 
     ######## #### ########  ######## ########     ###     ######  ########
     ##        ##  ##     ## ##       ##     ##  ##   ##  ##       ##
     ######    ##  ########  ######   ########  #########  ######  ######
     ##        ##  ##    ##  ##       ##     ## ##     ##       ## ##
     ##       #### ##     ## ######## ########  ##     ##  ######  ########

You're about to initialize a Firebase project in this directory:

  C:\Users\EBY WONDER\disney-plus-clone

Before we get started, keep in mind:

  * You are initializing within an existing Firebase project directory

[info] 
=== Project Setup
[info] 
[info] First, let's associate this project directory with a Firebase project.
[info] You can create multiple project aliases by running firebase use --add, 
[info] but for now we'll just set up a default project.
[info] 
[debug] [2023-04-04T07:31:53.770Z] Using project from CLI flag: disney-plus-clone-4eaa6
[debug] [2023-04-04T07:31:53.837Z] > refreshing access token with scopes: []
[debug] [2023-04-04T07:31:53.845Z] >>> [apiv2][query] POST https://www.googleapis.com/oauth2/v3/token [none]
[debug] [2023-04-04T07:31:53.845Z] >>> [apiv2][body] POST https://www.googleapis.com/oauth2/v3/token [omitted]
[debug] [2023-04-04T07:32:00.635Z] <<< [apiv2][status] POST https://www.googleapis.com/oauth2/v3/token 200
[debug] [2023-04-04T07:32:00.636Z] <<< [apiv2][body] POST https://www.googleapis.com/oauth2/v3/token [omitted]
[debug] [2023-04-04T07:32:00.807Z] >>> [apiv2][query] GET https://firebase.googleapis.com/v1beta1/projects/disney-plus-clone-4eaa6 [none]
[debug] [2023-04-04T07:32:01.509Z] <<< [apiv2][status] GET https://firebase.googleapis.com/v1beta1/projects/disney-plus-clone-4eaa6 200
[debug] [2023-04-04T07:32:01.509Z] <<< [apiv2][body] GET https://firebase.googleapis.com/v1beta1/projects/disney-plus-clone-4eaa6 {"projectId":"disney-plus-clone-4eaa6","projectNumber":"872731260517","displayName":"Disney-plus-clone","name":"projects/disney-plus-clone-4eaa6","resources":{"hostingSite":"disney-plus-clone-4eaa6"},"state":"ACTIVE","etag":"1_c47919c4-1f20-414c-94c9-7ee2323d9daf"}
[info] i  Using project disney-plus-clone-4eaa6 (Disney-plus-clone) 
[info] 
=== Hosting Setup
[info] 
[info] Your public directory is the folder (relative to your project directory) that
[info] will contain Hosting assets to be uploaded with firebase deploy. If you
[info] have a build process for your assets, use your build's output directory.
[info] 
